2024-06-24 04:49:55,371 - INFO - Creating filtered and balanced dataset for cola...
2024-06-24 04:50:03,503 - INFO - Filtered cola dataset size: 7401
2024-06-24 04:50:03,985 - INFO - Balanced subset size: 2000
2024-06-24 04:50:07,968 - INFO - Creating filtered and balanced dataset for mrpc...
2024-06-24 04:50:10,476 - INFO - Filtered mrpc dataset size: 2407
2024-06-24 04:50:10,651 - INFO - Balanced subset size: 1544
2024-06-24 04:50:14,810 - INFO - Creating filtered and balanced dataset for qnli...
2024-06-24 04:50:17,295 - INFO - Filtered qnli dataset size: 84453
2024-06-24 04:50:23,220 - INFO - Balanced subset size: 2000
2024-06-24 04:51:21,061 - INFO - Creating filtered and balanced dataset for qqp...
2024-06-24 04:53:08,686 - INFO - Filtered qqp dataset size: 297294
2024-06-24 04:53:30,073 - INFO - Balanced subset size: 2000
2024-06-24 04:55:44,379 - INFO - Creating filtered and balanced dataset for rte...
2024-06-24 04:55:48,966 - INFO - Filtered rte dataset size: 2013
2024-06-24 04:55:49,118 - INFO - Balanced subset size: 2000
2024-06-24 04:55:53,496 - INFO - Creating filtered and balanced dataset for sst2...
2024-06-24 04:56:05,989 - INFO - Filtered sst2 dataset size: 58877
2024-06-24 04:56:09,748 - INFO - Balanced subset size: 2000
2024-06-24 04:56:28,728 - INFO - Creating filtered and balanced dataset for wnli...
2024-06-24 04:56:31,489 - INFO - Filtered wnli dataset size: 523
2024-06-24 04:56:31,532 - INFO - Balanced subset size: 522
2024-06-24 04:56:33,392 - INFO - Creating filtered and balanced dataset for mnli...
2024-06-24 04:56:36,076 - INFO - Filtered mnli dataset size: 319378
2024-06-24 04:56:57,813 - INFO - Balanced subset size: 1998
